<?xml version="1.0" encoding="UTF-8"?>
<testsuite name="hos.houns.LetReviewTest" tests="1" skipped="0" failures="0" errors="0" timestamp="2021-02-11T18:17:36" hostname="Hospices-MacBook-Pro.local" time="0.002">
  <properties/>
  <testcase name="test" classname="hos.houns.LetReviewTest" time="0.002"/>
  <system-out><![CDATA[]]></system-out>
  <system-err><![CDATA[]]></system-err>
</testsuite>
